Determining if the pthread_create exist failed with the following output:
Change Dir: /home/icey/Desktop/project/VO/build/CMakeFiles/CMakeTmp

Run Build Command:"/usr/bin/make" "cmTC_5134a/fast"
/usr/bin/make -f CMakeFiles/cmTC_5134a.dir/build.make CMakeFiles/cmTC_5134a.dir/build
make[1]: Entering directory '/home/icey/Desktop/project/VO/build/CMakeFiles/CMakeTmp'
Building C object CMakeFiles/cmTC_5134a.dir/CheckSymbolExists.c.o
/usr/bin/cc     -o CMakeFiles/cmTC_5134a.dir/CheckSymbolExists.c.o   -c /home/icey/Desktop/project/VO/build/CMakeFiles/CMakeTmp/CheckSymbolExists.c
Linking C executable cmTC_5134a
/usr/bin/cmake -E cmake_link_script CMakeFiles/cmTC_5134a.dir/link.txt --verbose=1
/usr/bin/cc       CMakeFiles/cmTC_5134a.dir/CheckSymbolExists.c.o  -o cmTC_5134a 
CMakeFiles/cmTC_5134a.dir/CheckSymbolExists.c.o: In function `main':
CheckSymbolExists.c:(.text+0x16): undefined reference to `pthread_create'
collect2: error: ld returned 1 exit status
CMakeFiles/cmTC_5134a.dir/build.make:97: recipe for target 'cmTC_5134a' failed
make[1]: *** [cmTC_5134a] Error 1
make[1]: Leaving directory '/home/icey/Desktop/project/VO/build/CMakeFiles/CMakeTmp'
Makefile:126: recipe for target 'cmTC_5134a/fast' failed
make: *** [cmTC_5134a/fast] Error 2

File /home/icey/Desktop/project/VO/build/CMakeFiles/CMakeTmp/CheckSymbolExists.c:
/* */
#include <pthread.h>

int main(int argc, char** argv)
{
  (void)argv;
#ifndef pthread_create
  return ((int*)(&pthread_create))[argc];
#else
  (void)argc;
  return 0;
#endif
}

Determining if the function pthread_create exists in the pthreads failed with the following output:
Change Dir: /home/icey/Desktop/project/VO/build/CMakeFiles/CMakeTmp

Run Build Command:"/usr/bin/make" "cmTC_00257/fast"
/usr/bin/make -f CMakeFiles/cmTC_00257.dir/build.make CMakeFiles/cmTC_00257.dir/build
make[1]: Entering directory '/home/icey/Desktop/project/VO/build/CMakeFiles/CMakeTmp'
Building C object CMakeFiles/cmTC_00257.dir/CheckFunctionExists.c.o
/usr/bin/cc    -DCHECK_FUNCTION_EXISTS=pthread_create   -o CMakeFiles/cmTC_00257.dir/CheckFunctionExists.c.o   -c /usr/share/cmake-3.5/Modules/CheckFunctionExists.c
Linking C executable cmTC_00257
/usr/bin/cmake -E cmake_link_script CMakeFiles/cmTC_00257.dir/link.txt --verbose=1
/usr/bin/cc   -DCHECK_FUNCTION_EXISTS=pthread_create    CMakeFiles/cmTC_00257.dir/CheckFunctionExists.c.o  -o cmTC_00257 -lpthreads 
/usr/bin/ld: cannot find -lpthreads
collect2: error: ld returned 1 exit status
CMakeFiles/cmTC_00257.dir/build.make:97: recipe for target 'cmTC_00257' failed
make[1]: *** [cmTC_00257] Error 1
make[1]: Leaving directory '/home/icey/Desktop/project/VO/build/CMakeFiles/CMakeTmp'
Makefile:126: recipe for target 'cmTC_00257/fast' failed
make: *** [cmTC_00257/fast] Error 2


